Arguments: 
  C:\Program Files\nodejs\node.exe C:\Users\joaom\AppData\Roaming\npm\node_modules\yarn\bin\yarn.js add swagger-u1-express

PATH: 
  C:\Windows\system32;C:\Windows;C:\Windows\System32\Wbem;C:\Windows\System32\WindowsPowerShell\v1.0\;C:\Windows\System32\OpenSSH\;C:\Program Files (x86)\NVIDIA Corporation\PhysX\Common;C:\Program Files\NVIDIA Corporation\NVIDIA NvDLISR;C:\WINDOWS\system32;C:\WINDOWS;C:\WINDOWS\System32\Wbem;C:\WINDOWS\System32\WindowsPowerShell\v1.0\;C:\WINDOWS\System32\OpenSSH\;C:\Program Files\dotnet\;C:\Program Files\Git\cmd;%NVM_HOME%;%NVM_SYMLINK%;C:\Users\joaom\.console-ninja\.bin;C:\Users\joaom\AppData\Local\Microsoft\WindowsApps;C:\Users\joaom\AppData\Local\Programs\Microsoft VS Code\bin;C:\Users\joaom\AppData\Roaming\npm;C:\Users\joaom\AppData\Roaming\nvm;C:\Program Files\nodejs

Yarn version: 
  1.22.19

Node version: 
  16.20.0

Platform: 
  win32 x64

Trace: 
  Error: https://registry.yarnpkg.com/swagger-u1-express: Not found
      at Request.params.callback [as _callback] (C:\Users\joaom\AppData\Roaming\npm\node_modules\yarn\lib\cli.js:66145:18)
      at Request.self.callback (C:\Users\joaom\AppData\Roaming\npm\node_modules\yarn\lib\cli.js:140890:22)
      at Request.emit (node:events:513:28)
      at Request.<anonymous> (C:\Users\joaom\AppData\Roaming\npm\node_modules\yarn\lib\cli.js:141862:10)
      at Request.emit (node:events:513:28)
      at IncomingMessage.<anonymous> (C:\Users\joaom\AppData\Roaming\npm\node_modules\yarn\lib\cli.js:141784:12)
      at Object.onceWrapper (node:events:627:28)
      at IncomingMessage.emit (node:events:525:35)
      at endReadableNT (node:internal/streams/readable:1358:12)
      at processTicksAndRejections (node:internal/process/task_queues:83:21)

npm manifest: 
  {
    "name": "aulerta-api",
    "version": "1.0.0",
    "description": "",
    "main": "index.js",
    "scripts": {
      "test": "jest",
      "start": "pm2-runtime start ecosystem.config.js --env production",
      "dev": "nodemon ./src/server.js"
    },
    "keywords": [],
    "author": "",
    "license": "ISC",
    "dependencies": {
      "axios": "^1.5.0",
      "bcryptjs": "^2.4.3",
      "cors": "^2.8.5",
      "dotenv": "^16.3.1",
      "express": "^4.18.2",
      "express-async-errors": "^3.1.1",
      "jsonwebtoken": "^9.0.2",
      "knex": "^2.5.1",
      "lite-server": "^2.6.1",
      "multer": "^1.4.5-lts.1",
      "pm2": "^5.3.0",
      "sqlite": "^5.0.1",
      "sqlite3": "^5.1.6"
    },
    "devDependencies": {
      "jest": "^29.6.4",
      "nodemon": "^3.0.1"
    }
  }

yarn manifest: 
  No manifest

Lockfile: 
  No lockfile
